<?xml version="1.0" encoding="UTF-8"?>
<testsuite name="search car in to the booking website" tests="1" skipped="0" failures="0" errors="0" timestamp="2021-12-27T06:07:15" hostname="LAPTOP-94DTKULD" time="14.712">
  <properties/>
  <testcase name="Rent a car" classname="search car in to the booking website" time="14.712"/>
  <system-out><![CDATA[]]></system-out>
  <system-err><![CDATA[[Test worker] INFO net.thucydides.core.steps.ConsoleLoggingListener - 
        __    _____ _____ ____ _____   ____   _    ____  ____  _____ ____  
  _     \ \  |_   _| ____/ ___|_   _| |  _ \ / \  / ___|/ ___|| ____|  _ \ 
 (_)_____| |   | | |  _| \___ \ | |   | |_) / _ \ \___ \\___ \|  _| | | | |
  _|_____| |   | | | |___ ___) || |   |  __/ ___ \ ___) |___) | |___| |_| |
 (_)     | |   |_| |_____|____/ |_|   |_| /_/   \_\____/|____/|_____|____/ 
        /_/                                                                

TEST PASSED: Rent a car
----------------------------------------------------------------------------
]]></system-err>
</testsuite>
